{
  "stats": {
    "suites": 1,
    "tests": 2,
    "passes": 0,
    "pending": 0,
    "failures": 2,
    "start": "2022-06-12T12:44:27.494Z",
    "end": "2022-06-12T12:45:04.786Z",
    "duration": 37292,
    "testsRegistered": 2,
    "passPercent": 0,
    "pendingPercent": 0,
    "other": 0,
    "hasOther": false,
    "skipped": 0,
    "hasSkipped": false
  },
  "results": [
    {
      "uuid": "6ff338f3-585a-483d-b6fa-768bab6c2f84",
      "title": "",
      "fullFile": "cypress\\e2e\\makeAnOrder.cy.js",
      "file": "cypress\\e2e\\makeAnOrder.cy.js",
      "beforeHooks": [],
      "afterHooks": [],
      "tests": [],
      "suites": [
        {
          "uuid": "4089d439-f8c6-4d10-969a-207966b47ee7",
          "title": "Make an order",
          "fullFile": "",
          "file": "",
          "beforeHooks": [],
          "afterHooks": [],
          "tests": [
            {
              "title": "Go login to create an account ",
              "fullTitle": "Make an order Go login to create an account ",
              "timedOut": null,
              "duration": 11450,
              "state": "failed",
              "speed": null,
              "pass": false,
              "fail": true,
              "pending": false,
              "context": null,
              "code": "home.goToSignIn();\nlogin.navigateToRegister();\ncy.register();",
              "err": {
                "message": "TypeError: The \"path\" argument must be of type string. Received type boolean (false)",
                "estack": "TypeError: The \"path\" argument must be of type string. Received type boolean (false)\nTypeError [ERR_INVALID_ARG_TYPE]: The \"path\" argument must be of type string. Received type boolean (false)\n    at new NodeError (node:internal/errors:371:5)\n    at validateString (node:internal/validators:119:11)\n    at Object.join (node:path:429:7)\n    at getPath (C:\\Users\\wasto\\AppData\\Local\\Cypress\\Cache\\10.0.0\\Cypress\\resources\\app\\packages\\server\\lib\\screenshots.js:373:27)\n    at getPathToScreenshot (C:\\Users\\wasto\\AppData\\Local\\Cypress\\Cache\\10.0.0\\Cypress\\resources\\app\\packages\\server\\lib\\screenshots.js:381:10)\n    at Object.save (C:\\Users\\wasto\\AppData\\Local\\Cypress\\Cache\\10.0.0\\Cypress\\resources\\app\\packages\\server\\lib\\screenshots.js:483:12)\n    at C:\\Users\\wasto\\AppData\\Local\\Cypress\\Cache\\10.0.0\\Cypress\\resources\\app\\packages\\server\\lib\\automation\\screenshot.js:16:46\n    at tryCatcher (C:\\Users\\wasto\\AppData\\Local\\Cypress\\Cache\\10.0.0\\Cypress\\resources\\app\\packages\\server\\node_modules\\bluebird\\js\\release\\util.js:16:23)\n    at Promise._settlePromiseFromHandler (C:\\Users\\wasto\\AppData\\Local\\Cypress\\Cache\\10.0.0\\Cypress\\resources\\app\\packages\\server\\node_modules\\bluebird\\js\\release\\promise.js:547:31)\n    at Promise._settlePromise (C:\\Users\\wasto\\AppData\\Local\\Cypress\\Cache\\10.0.0\\Cypress\\resources\\app\\packages\\server\\node_modules\\bluebird\\js\\release\\promise.js:604:18)\n    at Promise._settlePromise0 (C:\\Users\\wasto\\AppData\\Local\\Cypress\\Cache\\10.0.0\\Cypress\\resources\\app\\packages\\server\\node_modules\\bluebird\\js\\release\\promise.js:649:10)\n    at Promise._settlePromises (C:\\Users\\wasto\\AppData\\Local\\Cypress\\Cache\\10.0.0\\Cypress\\resources\\app\\packages\\server\\node_modules\\bluebird\\js\\release\\promise.js:729:18)\n    at _drainQueueStep (C:\\Users\\wasto\\AppData\\Local\\Cypress\\Cache\\10.0.0\\Cypress\\resources\\app\\packages\\server\\node_modules\\bluebird\\js\\release\\async.js:93:12)\n    at _drainQueue (C:\\Users\\wasto\\AppData\\Local\\Cypress\\Cache\\10.0.0\\Cypress\\resources\\app\\packages\\server\\node_modules\\bluebird\\js\\release\\async.js:86:9)\n    at Async._drainQueues (C:\\Users\\wasto\\AppData\\Local\\Cypress\\Cache\\10.0.0\\Cypress\\resources\\app\\packages\\server\\node_modules\\bluebird\\js\\release\\async.js:102:5)\n    at Immediate.Async.drainQueues [as _onImmediate] (C:\\Users\\wasto\\AppData\\Local\\Cypress\\Cache\\10.0.0\\Cypress\\resources\\app\\packages\\server\\node_modules\\bluebird\\js\\release\\async.js:15:14)\n    at processImmediate (node:internal/timers:464:21)\n",
                "diff": null
              },
              "uuid": "481c7f1b-2346-457e-be83-f0f9cff67967",
              "parentUUID": "4089d439-f8c6-4d10-969a-207966b47ee7",
              "isHook": false,
              "skipped": false
            },
            {
              "title": "Assert account created ",
              "fullTitle": "Make an order Assert account created ",
              "timedOut": null,
              "duration": 21965,
              "state": "failed",
              "speed": null,
              "pass": false,
              "fail": true,
              "pending": false,
              "context": null,
              "code": "cy.get(\".header_user_info\").should(\"be.visible\");\nhome.selectCategory();\nproducts.addToCart();\nhome.continueShopping();\nhome.searchTerm(\"Summer\");\nproducts.addToCart();\nproducts.checkout();\nproducts.assertQuantity();\nproducts.checkoutOrdering();\nlogin.login();\ncy.scrollTo('bottom');\ncy.get('.button-medium').last().click();\nproducts.agreeTerms();\nproducts.checkoutOrdering();\nproducts.paymentMethod();\ncy.get('.button-medium').last().click();\nhome.goToAccount();\nhome.goToOrders();\nhome.checkOrderCreated(); //",
              "err": {
                "message": "TypeError: The \"path\" argument must be of type string. Received type boolean (false)",
                "estack": "TypeError: The \"path\" argument must be of type string. Received type boolean (false)\nTypeError [ERR_INVALID_ARG_TYPE]: The \"path\" argument must be of type string. Received type boolean (false)\n    at new NodeError (node:internal/errors:371:5)\n    at validateString (node:internal/validators:119:11)\n    at Object.join (node:path:429:7)\n    at getPath (C:\\Users\\wasto\\AppData\\Local\\Cypress\\Cache\\10.0.0\\Cypress\\resources\\app\\packages\\server\\lib\\screenshots.js:373:27)\n    at getPathToScreenshot (C:\\Users\\wasto\\AppData\\Local\\Cypress\\Cache\\10.0.0\\Cypress\\resources\\app\\packages\\server\\lib\\screenshots.js:381:10)\n    at Object.save (C:\\Users\\wasto\\AppData\\Local\\Cypress\\Cache\\10.0.0\\Cypress\\resources\\app\\packages\\server\\lib\\screenshots.js:483:12)\n    at C:\\Users\\wasto\\AppData\\Local\\Cypress\\Cache\\10.0.0\\Cypress\\resources\\app\\packages\\server\\lib\\automation\\screenshot.js:16:46\n    at tryCatcher (C:\\Users\\wasto\\AppData\\Local\\Cypress\\Cache\\10.0.0\\Cypress\\resources\\app\\packages\\server\\node_modules\\bluebird\\js\\release\\util.js:16:23)\n    at Promise._settlePromiseFromHandler (C:\\Users\\wasto\\AppData\\Local\\Cypress\\Cache\\10.0.0\\Cypress\\resources\\app\\packages\\server\\node_modules\\bluebird\\js\\release\\promise.js:547:31)\n    at Promise._settlePromise (C:\\Users\\wasto\\AppData\\Local\\Cypress\\Cache\\10.0.0\\Cypress\\resources\\app\\packages\\server\\node_modules\\bluebird\\js\\release\\promise.js:604:18)\n    at Promise._settlePromise0 (C:\\Users\\wasto\\AppData\\Local\\Cypress\\Cache\\10.0.0\\Cypress\\resources\\app\\packages\\server\\node_modules\\bluebird\\js\\release\\promise.js:649:10)\n    at Promise._settlePromises (C:\\Users\\wasto\\AppData\\Local\\Cypress\\Cache\\10.0.0\\Cypress\\resources\\app\\packages\\server\\node_modules\\bluebird\\js\\release\\promise.js:729:18)\n    at _drainQueueStep (C:\\Users\\wasto\\AppData\\Local\\Cypress\\Cache\\10.0.0\\Cypress\\resources\\app\\packages\\server\\node_modules\\bluebird\\js\\release\\async.js:93:12)\n    at _drainQueue (C:\\Users\\wasto\\AppData\\Local\\Cypress\\Cache\\10.0.0\\Cypress\\resources\\app\\packages\\server\\node_modules\\bluebird\\js\\release\\async.js:86:9)\n    at Async._drainQueues (C:\\Users\\wasto\\AppData\\Local\\Cypress\\Cache\\10.0.0\\Cypress\\resources\\app\\packages\\server\\node_modules\\bluebird\\js\\release\\async.js:102:5)\n    at Immediate.Async.drainQueues [as _onImmediate] (C:\\Users\\wasto\\AppData\\Local\\Cypress\\Cache\\10.0.0\\Cypress\\resources\\app\\packages\\server\\node_modules\\bluebird\\js\\release\\async.js:15:14)\n    at processImmediate (node:internal/timers:464:21)\n",
                "diff": null
              },
              "uuid": "fd5474d6-2045-44c8-8d94-58f4e94ac347",
              "parentUUID": "4089d439-f8c6-4d10-969a-207966b47ee7",
              "isHook": false,
              "skipped": false
            }
          ],
          "suites": [],
          "passes": [],
          "failures": [
            "481c7f1b-2346-457e-be83-f0f9cff67967",
            "fd5474d6-2045-44c8-8d94-58f4e94ac347"
          ],
          "pending": [],
          "skipped": [],
          "duration": 33415,
          "root": false,
          "rootEmpty": false,
          "_timeout": 2000
        }
      ],
      "passes": [],
      "failures": [],
      "pending": [],
      "skipped": [],
      "duration": 0,
      "root": true,
      "rootEmpty": true,
      "_timeout": 2000
    }
  ],
  "meta": {
    "mocha": {
      "version": "7.0.1"
    },
    "mochawesome": {
      "options": {
        "quiet": false,
        "reportFilename": "mochawesome",
        "saveHtml": false,
        "saveJson": true,
        "consoleReporter": "spec",
        "useInlineDiffs": false,
        "code": true
      },
      "version": "7.1.3"
    },
    "marge": {
      "options": {
        "id": "default",
        "reportDir": "cypress/results/mochawesome",
        "quite": true,
        "overwrite": false,
        "html": false,
        "json": true
      },
      "version": "6.2.0"
    }
  }
}