{
  "stats": {
    "suites": 1,
    "tests": 2,
    "passes": 0,
    "pending": 0,
    "failures": 2,
    "start": "2022-06-11T18:11:31.314Z",
    "end": "2022-06-11T18:12:06.295Z",
    "duration": 34981,
    "testsRegistered": 2,
    "passPercent": 0,
    "pendingPercent": 0,
    "other": 0,
    "hasOther": false,
    "skipped": 0,
    "hasSkipped": false
  },
  "results": [
    {
      "uuid": "0fd270bd-6a3c-4db6-b042-85d5aff1c686",
      "title": "",
      "fullFile": "cypress\\e2e\\makeAnOrder.cy.js",
      "file": "cypress\\e2e\\makeAnOrder.cy.js",
      "beforeHooks": [],
      "afterHooks": [],
      "tests": [],
      "suites": [
        {
          "uuid": "48cd831e-6f41-43cc-8b23-bfd09a5ff62f",
          "title": "Make an order",
          "fullFile": "",
          "file": "",
          "beforeHooks": [],
          "afterHooks": [],
          "tests": [
            {
              "title": "Go login to create an account ",
              "fullTitle": "Make an order Go login to create an account ",
              "timedOut": null,
              "duration": 11341,
              "state": "failed",
              "speed": null,
              "pass": false,
              "fail": true,
              "pending": false,
              "context": null,
              "code": "home.goToSignIn();\nlogin.navigateToRegister();\ncy.register();",
              "err": {
                "message": "AssertionError: Timed out retrying after 4000ms: Expected to find element: `#uniform-id_gender1`, but never found it.",
                "estack": "AssertionError: Timed out retrying after 4000ms: Expected to find element: `#uniform-id_gender1`, but never found it.\n    at Object.gender (http://automationpractice.com/__cypress/tests?p=cypress\\support\\e2e.js:154:24)\n    at RegisterPage.selectGender (http://automationpractice.com/__cypress/tests?p=cypress\\support\\e2e.js:178:19)\n    at Context.eval (http://automationpractice.com/__cypress/tests?p=cypress\\support\\e2e.js:306:12)",
                "diff": null
              },
              "uuid": "0574d8ba-bb32-48b9-87e7-9557c97ea243",
              "parentUUID": "48cd831e-6f41-43cc-8b23-bfd09a5ff62f",
              "isHook": false,
              "skipped": false
            },
            {
              "title": "Assert account created ",
              "fullTitle": "Make an order Assert account created ",
              "timedOut": null,
              "duration": 18637,
              "state": "failed",
              "speed": null,
              "pass": false,
              "fail": true,
              "pending": false,
              "context": null,
              "code": "cy.get(\".header_user_info\").should(\"be.visible\");\nhome.selectCategory();\nproducts.addToCart();\nhome.continueShopping();\nhome.searchTerm(\"Summer\");\nproducts.addToCart();\nproducts.checkout();\nproducts.assertQuantity();\nproducts.checkoutOrdering();\nlogin.login();\ncy.scrollTo('bottom');\ncy.get('.button-medium').last().click();\nproducts.agreeTerms();\nproducts.checkoutOrdering();\nproducts.paymentMethod();\ncy.get('.button-medium').last().click();\nhome.goToAccount();\nhome.goToOrders();\nhome.checkOrderCreated(); //",
              "err": {
                "message": "AssertionError: Timed out retrying after 4000ms: Expected to find element: `.ajax_add_to_cart_button`, but never found it.",
                "estack": "AssertionError: Timed out retrying after 4000ms: Expected to find element: `.ajax_add_to_cart_button`, but never found it.\n    at Object.addProductBtn (http://automationpractice.com/__cypress/tests?p=cypress\\e2e\\makeAnOrder.cy.js:288:31)\n    at ProductsPage.paymentMethod (http://automationpractice.com/__cypress/tests?p=cypress\\e2e\\makeAnOrder.cy.js:318:19)\n    at Context.eval (http://automationpractice.com/__cypress/tests?p=cypress\\e2e\\makeAnOrder.cy.js:379:14)",
                "diff": null
              },
              "uuid": "599c5277-7a24-493e-8c65-76000af8eb7f",
              "parentUUID": "48cd831e-6f41-43cc-8b23-bfd09a5ff62f",
              "isHook": false,
              "skipped": false
            }
          ],
          "suites": [],
          "passes": [],
          "failures": [
            "0574d8ba-bb32-48b9-87e7-9557c97ea243",
            "599c5277-7a24-493e-8c65-76000af8eb7f"
          ],
          "pending": [],
          "skipped": [],
          "duration": 29978,
          "root": false,
          "rootEmpty": false,
          "_timeout": 2000
        }
      ],
      "passes": [],
      "failures": [],
      "pending": [],
      "skipped": [],
      "duration": 0,
      "root": true,
      "rootEmpty": true,
      "_timeout": 2000
    }
  ],
  "meta": {
    "mocha": {
      "version": "7.0.1"
    },
    "mochawesome": {
      "options": {
        "quiet": false,
        "reportFilename": "mochawesome",
        "saveHtml": false,
        "saveJson": true,
        "consoleReporter": "spec",
        "useInlineDiffs": false,
        "code": true
      },
      "version": "7.1.3"
    },
    "marge": {
      "options": {
        "id": "default",
        "reportDir": "cypress/results/mochawesome",
        "quite": true,
        "overwrite": false,
        "html": false,
        "json": true
      },
      "version": "6.2.0"
    }
  }
}