{
  "stats": {
    "suites": 1,
    "tests": 2,
    "passes": 0,
    "pending": 0,
    "failures": 2,
    "start": "2022-06-12T12:50:53.059Z",
    "end": "2022-06-12T12:51:32.081Z",
    "duration": 39022,
    "testsRegistered": 2,
    "passPercent": 0,
    "pendingPercent": 0,
    "other": 0,
    "hasOther": false,
    "skipped": 0,
    "hasSkipped": false
  },
  "results": [
    {
      "uuid": "6cee9a55-7166-4e16-bbd6-c80d84608719",
      "title": "",
      "fullFile": "cypress\\e2e\\makeAnOrder.cy.js",
      "file": "cypress\\e2e\\makeAnOrder.cy.js",
      "beforeHooks": [],
      "afterHooks": [],
      "tests": [],
      "suites": [
        {
          "uuid": "87290000-9842-4d54-bb8f-498dfe5e200d",
          "title": "Make an order",
          "fullFile": "",
          "file": "",
          "beforeHooks": [],
          "afterHooks": [],
          "tests": [
            {
              "title": "Go login to create an account ",
              "fullTitle": "Make an order Go login to create an account ",
              "timedOut": null,
              "duration": 12339,
              "state": "failed",
              "speed": null,
              "pass": false,
              "fail": true,
              "pending": false,
              "context": null,
              "code": "home.goToSignIn();\nlogin.navigateToRegister();\ncy.register();",
              "err": {
                "message": "AssertionError: Timed out retrying after 4000ms: Expected to find element: `#uniform-id_gender1`, but never found it.",
                "estack": "AssertionError: Timed out retrying after 4000ms: Expected to find element: `#uniform-id_gender1`, but never found it.\n    at Object.gender (http://automationpractice.com/__cypress/tests?p=cypress\\support\\e2e.js:154:24)\n    at RegisterPage.selectGender (http://automationpractice.com/__cypress/tests?p=cypress\\support\\e2e.js:178:19)\n    at Context.eval (http://automationpractice.com/__cypress/tests?p=cypress\\support\\e2e.js:306:12)",
                "diff": null
              },
              "uuid": "f8ae0b73-ce4b-4a98-b0a4-6fe2e2d78db9",
              "parentUUID": "87290000-9842-4d54-bb8f-498dfe5e200d",
              "isHook": false,
              "skipped": false
            },
            {
              "title": "Assert account created ",
              "fullTitle": "Make an order Assert account created ",
              "timedOut": null,
              "duration": 23122,
              "state": "failed",
              "speed": null,
              "pass": false,
              "fail": true,
              "pending": false,
              "context": null,
              "code": "cy.get(\".header_user_info\").should(\"be.visible\");\nhome.selectCategory();\nproducts.addToCart();\nhome.continueShopping();\nhome.searchTerm(\"Summer\");\nproducts.addToCart();\nproducts.checkout();\nproducts.assertQuantity();\nproducts.checkoutOrdering();\nlogin.login();\ncy.scrollTo('bottom');\ncy.get('.button-medium').last().click();\nproducts.agreeTerms();\nproducts.checkoutOrdering();\nproducts.paymentMethod();\ncy.get('.button-medium').last().click();\nhome.goToAccount();\nhome.goToOrders();\nhome.checkOrderCreated(); //",
              "err": {
                "message": "AssertionError: Timed out retrying after 4000ms: Expected to find element: `.ajax_add_to_cart_button`, but never found it.",
                "estack": "AssertionError: Timed out retrying after 4000ms: Expected to find element: `.ajax_add_to_cart_button`, but never found it.\n    at Object.addProductBtn (http://automationpractice.com/__cypress/tests?p=cypress\\e2e\\makeAnOrder.cy.js:288:31)\n    at ProductsPage.paymentMethod (http://automationpractice.com/__cypress/tests?p=cypress\\e2e\\makeAnOrder.cy.js:318:19)\n    at Context.eval (http://automationpractice.com/__cypress/tests?p=cypress\\e2e\\makeAnOrder.cy.js:379:14)",
                "diff": null
              },
              "uuid": "83a55378-d75b-4a0f-b791-20279b555856",
              "parentUUID": "87290000-9842-4d54-bb8f-498dfe5e200d",
              "isHook": false,
              "skipped": false
            }
          ],
          "suites": [],
          "passes": [],
          "failures": [
            "f8ae0b73-ce4b-4a98-b0a4-6fe2e2d78db9",
            "83a55378-d75b-4a0f-b791-20279b555856"
          ],
          "pending": [],
          "skipped": [],
          "duration": 35461,
          "root": false,
          "rootEmpty": false,
          "_timeout": 2000
        }
      ],
      "passes": [],
      "failures": [],
      "pending": [],
      "skipped": [],
      "duration": 0,
      "root": true,
      "rootEmpty": true,
      "_timeout": 2000
    }
  ],
  "meta": {
    "mocha": {
      "version": "7.0.1"
    },
    "mochawesome": {
      "options": {
        "quiet": false,
        "reportFilename": "mochawesome",
        "saveHtml": false,
        "saveJson": true,
        "consoleReporter": "spec",
        "useInlineDiffs": false,
        "code": true
      },
      "version": "7.1.3"
    },
    "marge": {
      "options": {
        "id": "default",
        "reportDir": "cypress/results/mochawesome",
        "quite": true,
        "overwrite": false,
        "html": false,
        "json": true
      },
      "version": "6.2.0"
    }
  }
}